if-if:2018/4/26 下午 02:01:59
if-else:2018/4/26 下午 02:01:59
if-else,ex.Message:文件不存在。
if-else,ex.StackTrace:   在 System.Web.StaticFileHandler.GetFileInfo(String virtualPathWithPathInfo, String physicalPath, HttpResponse response)
   在 System.Web.StaticFileHandler.ProcessRequestInternal(HttpContext context, String overrideVirtualPath)
   在 System.Web.DefaultHttpHandler.BeginProcessRequest(HttpContext context, AsyncCallback callback, Object state)
   在 System.Web.HttpApplication.CallHandlerExecutionStep.System.Web.HttpApplication.IExecutionStep.Execute()
   在 System.Web.HttpApplication.ExecuteStepImpl(IExecutionStep step)
   在 System.Web.HttpApplication.ExecuteStep(IExecutionStep step, Boolean& completedSynchronously)
if-if:2018/4/26 下午 02:02:09
if-else:2018/4/26 下午 02:02:09
if-else,ex.Message:文件不存在。
if-else,ex.StackTrace:   在 System.Web.StaticFileHandler.GetFileInfo(String virtualPathWithPathInfo, String physicalPath, HttpResponse response)
   在 System.Web.StaticFileHandler.ProcessRequestInternal(HttpContext context, String overrideVirtualPath)
   在 System.Web.DefaultHttpHandler.BeginProcessRequest(HttpContext context, AsyncCallback callback, Object state)
   在 System.Web.HttpApplication.CallHandlerExecutionStep.System.Web.HttpApplication.IExecutionStep.Execute()
   在 System.Web.HttpApplication.ExecuteStepImpl(IExecutionStep step)
   在 System.Web.HttpApplication.ExecuteStep(IExecutionStep step, Boolean& completedSynchronously)
if-if:2018/4/26 下午 02:02:10
if-else:2018/4/26 下午 02:02:10
if-else,ex.Message:文件不存在。
if-else,ex.StackTrace:   在 System.Web.StaticFileHandler.GetFileInfo(String virtualPathWithPathInfo, String physicalPath, HttpResponse response)
   在 System.Web.StaticFileHandler.ProcessRequestInternal(HttpContext context, String overrideVirtualPath)
   在 System.Web.DefaultHttpHandler.BeginProcessRequest(HttpContext context, AsyncCallback callback, Object state)
   在 System.Web.HttpApplication.CallHandlerExecutionStep.System.Web.HttpApplication.IExecutionStep.Execute()
   在 System.Web.HttpApplication.ExecuteStepImpl(IExecutionStep step)
   在 System.Web.HttpApplication.ExecuteStep(IExecutionStep step, Boolean& completedSynchronously)
if-if:2018/4/26 下午 02:02:28
if-else:2018/4/26 下午 02:02:31
if-else,ex.Message:未能加载文件或程序集“AspNetPager2”或它的某一个依赖项。系统找不到指定的文件。
if-else,ex.StackTrace:   在 System.Reflection.RuntimeAssembly._nLoad(AssemblyName fileName, String codeBase, Evidence assemblySecurity, RuntimeAssembly locationHint, StackCrawlMark& stackMark, IntPtr pPrivHostBinder, Boolean throwOnFileNotFound, Boolean forIntrospection, Boolean suppressSecurityChecks)
   在 System.Reflection.RuntimeAssembly.nLoad(AssemblyName fileName, String codeBase, Evidence assemblySecurity, RuntimeAssembly locationHint, StackCrawlMark& stackMark, IntPtr pPrivHostBinder, Boolean throwOnFileNotFound, Boolean forIntrospection, Boolean suppressSecurityChecks)
   在 System.Reflection.RuntimeAssembly.InternalLoadAssemblyName(AssemblyName assemblyRef, Evidence assemblySecurity, RuntimeAssembly reqAssembly, StackCrawlMark& stackMark, IntPtr pPrivHostBinder, Boolean throwOnFileNotFound, Boolean forIntrospection, Boolean suppressSecurityChecks)
   在 System.Reflection.RuntimeAssembly.InternalLoad(String assemblyString, Evidence assemblySecurity, StackCrawlMark& stackMark, IntPtr pPrivHostBinder, Boolean forIntrospection)
   在 System.Reflection.RuntimeAssembly.InternalLoad(String assemblyString, Evidence assemblySecurity, StackCrawlMark& stackMark, Boolean forIntrospection)
   在 System.Reflection.Assembly.Load(String assemblyString)
   在 System.Web.Configuration.CompilationSection.LoadAssembly(String assemblyName, Boolean throwOnFail)
   在 System.Web.UI.TemplateParser.LoadAssembly(String assemblyName, Boolean throwOnFail)
   在 System.Web.UI.TemplateParser.AddAssemblyDependency(String assemblyName, Boolean addDependentAssemblies)
   在 System.Web.UI.MainTagNameToTypeMapper.ProcessTagNamespaceRegistrationCore(TagNamespaceRegisterEntry nsRegisterEntry)
   在 System.Web.UI.MainTagNameToTypeMapper.ProcessTagNamespaceRegistration(TagNamespaceRegisterEntry nsRegisterEntry)
   在 System.Web.UI.BaseTemplateParser.ProcessDirective(String directiveName, IDictionary directive)
   在 System.Web.UI.TemplateControlParser.ProcessDirective(String directiveName, IDictionary directive)
   在 System.Web.UI.PageParser.ProcessDirective(String directiveName, IDictionary directive)
   在 System.Web.UI.TemplateParser.ParseStringInternal(String text, Encoding fileEncoding)
if-if:2018/4/26 下午 02:04:50
if-else:2018/4/26 下午 02:04:50
if-else,ex.Message:文件不存在。
if-else,ex.StackTrace:   在 System.Web.StaticFileHandler.GetFileInfo(String virtualPathWithPathInfo, String physicalPath, HttpResponse response)
   在 System.Web.StaticFileHandler.ProcessRequestInternal(HttpContext context, String overrideVirtualPath)
   在 System.Web.DefaultHttpHandler.BeginProcessRequest(HttpContext context, AsyncCallback callback, Object state)
   在 System.Web.HttpApplication.CallHandlerExecutionStep.System.Web.HttpApplication.IExecutionStep.Execute()
   在 System.Web.HttpApplication.ExecuteStepImpl(IExecutionStep step)
   在 System.Web.HttpApplication.ExecuteStep(IExecutionStep step, Boolean& completedSynchronously)
if-if:2018/4/26 下午 02:04:58
if-else:2018/4/26 下午 02:05:00
if-else,ex.Message:未能加载文件或程序集“AspNetPager2”或它的某一个依赖项。系统找不到指定的文件。
if-else,ex.StackTrace:   在 System.Reflection.RuntimeAssembly._nLoad(AssemblyName fileName, String codeBase, Evidence assemblySecurity, RuntimeAssembly locationHint, StackCrawlMark& stackMark, IntPtr pPrivHostBinder, Boolean throwOnFileNotFound, Boolean forIntrospection, Boolean suppressSecurityChecks)
   在 System.Reflection.RuntimeAssembly.nLoad(AssemblyName fileName, String codeBase, Evidence assemblySecurity, RuntimeAssembly locationHint, StackCrawlMark& stackMark, IntPtr pPrivHostBinder, Boolean throwOnFileNotFound, Boolean forIntrospection, Boolean suppressSecurityChecks)
   在 System.Reflection.RuntimeAssembly.InternalLoadAssemblyName(AssemblyName assemblyRef, Evidence assemblySecurity, RuntimeAssembly reqAssembly, StackCrawlMark& stackMark, IntPtr pPrivHostBinder, Boolean throwOnFileNotFound, Boolean forIntrospection, Boolean suppressSecurityChecks)
   在 System.Reflection.RuntimeAssembly.InternalLoad(String assemblyString, Evidence assemblySecurity, StackCrawlMark& stackMark, IntPtr pPrivHostBinder, Boolean forIntrospection)
   在 System.Reflection.RuntimeAssembly.InternalLoad(String assemblyString, Evidence assemblySecurity, StackCrawlMark& stackMark, Boolean forIntrospection)
   在 System.Reflection.Assembly.Load(String assemblyString)
   在 System.Web.Configuration.CompilationSection.LoadAssembly(String assemblyName, Boolean throwOnFail)
   在 System.Web.UI.TemplateParser.LoadAssembly(String assemblyName, Boolean throwOnFail)
   在 System.Web.UI.TemplateParser.AddAssemblyDependency(String assemblyName, Boolean addDependentAssemblies)
   在 System.Web.UI.MainTagNameToTypeMapper.ProcessTagNamespaceRegistrationCore(TagNamespaceRegisterEntry nsRegisterEntry)
   在 System.Web.UI.MainTagNameToTypeMapper.ProcessTagNamespaceRegistration(TagNamespaceRegisterEntry nsRegisterEntry)
   在 System.Web.UI.BaseTemplateParser.ProcessDirective(String directiveName, IDictionary directive)
   在 System.Web.UI.TemplateControlParser.ProcessDirective(String directiveName, IDictionary directive)
   在 System.Web.UI.PageParser.ProcessDirective(String directiveName, IDictionary directive)
   在 System.Web.UI.TemplateParser.ParseStringInternal(String text, Encoding fileEncoding)
if-if:2018/4/26 下午 02:06:15
if-else:2018/4/26 下午 02:06:15
if-else,ex.Message:文件不存在。
if-else,ex.StackTrace:   在 System.Web.StaticFileHandler.GetFileInfo(String virtualPathWithPathInfo, String physicalPath, HttpResponse response)
   在 System.Web.StaticFileHandler.ProcessRequestInternal(HttpContext context, String overrideVirtualPath)
   在 System.Web.DefaultHttpHandler.BeginProcessRequest(HttpContext context, AsyncCallback callback, Object state)
   在 System.Web.HttpApplication.CallHandlerExecutionStep.System.Web.HttpApplication.IExecutionStep.Execute()
   在 System.Web.HttpApplication.ExecuteStepImpl(IExecutionStep step)
   在 System.Web.HttpApplication.ExecuteStep(IExecutionStep step, Boolean& completedSynchronously)
if-if:2018/4/26 下午 02:06:20
if-else:2018/4/26 下午 02:06:20
if-else,ex.Message:未能加载文件或程序集“AspNetPager2”或它的某一个依赖项。系统找不到指定的文件。
if-else,ex.StackTrace:   在 System.Reflection.RuntimeAssembly._nLoad(AssemblyName fileName, String codeBase, Evidence assemblySecurity, RuntimeAssembly locationHint, StackCrawlMark& stackMark, IntPtr pPrivHostBinder, Boolean throwOnFileNotFound, Boolean forIntrospection, Boolean suppressSecurityChecks)
   在 System.Reflection.RuntimeAssembly.nLoad(AssemblyName fileName, String codeBase, Evidence assemblySecurity, RuntimeAssembly locationHint, StackCrawlMark& stackMark, IntPtr pPrivHostBinder, Boolean throwOnFileNotFound, Boolean forIntrospection, Boolean suppressSecurityChecks)
   在 System.Reflection.RuntimeAssembly.InternalLoadAssemblyName(AssemblyName assemblyRef, Evidence assemblySecurity, RuntimeAssembly reqAssembly, StackCrawlMark& stackMark, IntPtr pPrivHostBinder, Boolean throwOnFileNotFound, Boolean forIntrospection, Boolean suppressSecurityChecks)
   在 System.Reflection.RuntimeAssembly.InternalLoad(String assemblyString, Evidence assemblySecurity, StackCrawlMark& stackMark, IntPtr pPrivHostBinder, Boolean forIntrospection)
   在 System.Reflection.RuntimeAssembly.InternalLoad(String assemblyString, Evidence assemblySecurity, StackCrawlMark& stackMark, Boolean forIntrospection)
   在 System.Reflection.Assembly.Load(String assemblyString)
   在 System.Web.Configuration.CompilationSection.LoadAssembly(String assemblyName, Boolean throwOnFail)
   在 System.Web.UI.TemplateParser.LoadAssembly(String assemblyName, Boolean throwOnFail)
   在 System.Web.UI.TemplateParser.AddAssemblyDependency(String assemblyName, Boolean addDependentAssemblies)
   在 System.Web.UI.MainTagNameToTypeMapper.ProcessTagNamespaceRegistrationCore(TagNamespaceRegisterEntry nsRegisterEntry)
   在 System.Web.UI.MainTagNameToTypeMapper.ProcessTagNamespaceRegistration(TagNamespaceRegisterEntry nsRegisterEntry)
   在 System.Web.UI.BaseTemplateParser.ProcessDirective(String directiveName, IDictionary directive)
   在 System.Web.UI.TemplateControlParser.ProcessDirective(String directiveName, IDictionary directive)
   在 System.Web.UI.PageParser.ProcessDirective(String directiveName, IDictionary directive)
   在 System.Web.UI.TemplateParser.ParseStringInternal(String text, Encoding fileEncoding)
if-if:2018/4/26 下午 02:13:02
if-else:2018/4/26 下午 02:13:02
if-else,ex.Message:文件不存在。
if-else,ex.StackTrace:   在 System.Web.StaticFileHandler.GetFileInfo(String virtualPathWithPathInfo, String physicalPath, HttpResponse response)
   在 System.Web.StaticFileHandler.ProcessRequestInternal(HttpContext context, String overrideVirtualPath)
   在 System.Web.DefaultHttpHandler.BeginProcessRequest(HttpContext context, AsyncCallback callback, Object state)
   在 System.Web.HttpApplication.CallHandlerExecutionStep.System.Web.HttpApplication.IExecutionStep.Execute()
   在 System.Web.HttpApplication.ExecuteStepImpl(IExecutionStep step)
   在 System.Web.HttpApplication.ExecuteStep(IExecutionStep step, Boolean& completedSynchronously)
if-if:2018/4/26 下午 02:13:28
if-else:2018/4/26 下午 02:13:28
if-else,ex.Message:文件不存在。
if-else,ex.StackTrace:   在 System.Web.StaticFileHandler.GetFileInfo(String virtualPathWithPathInfo, String physicalPath, HttpResponse response)
   在 System.Web.StaticFileHandler.ProcessRequestInternal(HttpContext context, String overrideVirtualPath)
   在 System.Web.DefaultHttpHandler.BeginProcessRequest(HttpContext context, AsyncCallback callback, Object state)
   在 System.Web.HttpApplication.CallHandlerExecutionStep.System.Web.HttpApplication.IExecutionStep.Execute()
   在 System.Web.HttpApplication.ExecuteStepImpl(IExecutionStep step)
   在 System.Web.HttpApplication.ExecuteStep(IExecutionStep step, Boolean& completedSynchronously)
if-if:2018/4/26 下午 02:13:29
if-else:2018/4/26 下午 02:13:29
if-else,ex.Message:文件不存在。
if-else,ex.StackTrace:   在 System.Web.StaticFileHandler.GetFileInfo(String virtualPathWithPathInfo, String physicalPath, HttpResponse response)
   在 System.Web.StaticFileHandler.ProcessRequestInternal(HttpContext context, String overrideVirtualPath)
   在 System.Web.DefaultHttpHandler.BeginProcessRequest(HttpContext context, AsyncCallback callback, Object state)
   在 System.Web.HttpApplication.CallHandlerExecutionStep.System.Web.HttpApplication.IExecutionStep.Execute()
   在 System.Web.HttpApplication.ExecuteStepImpl(IExecutionStep step)
   在 System.Web.HttpApplication.ExecuteStep(IExecutionStep step, Boolean& completedSynchronously)
if-if:2018/4/26 下午 02:18:39
if-else:2018/4/26 下午 02:18:39
if-else,ex.Message:未能加载文件或程序集“AspNetPager2”或它的某一个依赖项。系统找不到指定的文件。
if-else,ex.StackTrace:   在 System.Reflection.RuntimeAssembly._nLoad(AssemblyName fileName, String codeBase, Evidence assemblySecurity, RuntimeAssembly locationHint, StackCrawlMark& stackMark, IntPtr pPrivHostBinder, Boolean throwOnFileNotFound, Boolean forIntrospection, Boolean suppressSecurityChecks)
   在 System.Reflection.RuntimeAssembly.nLoad(AssemblyName fileName, String codeBase, Evidence assemblySecurity, RuntimeAssembly locationHint, StackCrawlMark& stackMark, IntPtr pPrivHostBinder, Boolean throwOnFileNotFound, Boolean forIntrospection, Boolean suppressSecurityChecks)
   在 System.Reflection.RuntimeAssembly.InternalLoadAssemblyName(AssemblyName assemblyRef, Evidence assemblySecurity, RuntimeAssembly reqAssembly, StackCrawlMark& stackMark, IntPtr pPrivHostBinder, Boolean throwOnFileNotFound, Boolean forIntrospection, Boolean suppressSecurityChecks)
   在 System.Reflection.RuntimeAssembly.InternalLoad(String assemblyString, Evidence assemblySecurity, StackCrawlMark& stackMark, IntPtr pPrivHostBinder, Boolean forIntrospection)
   在 System.Reflection.RuntimeAssembly.InternalLoad(String assemblyString, Evidence assemblySecurity, StackCrawlMark& stackMark, Boolean forIntrospection)
   在 System.Reflection.Assembly.Load(String assemblyString)
   在 System.Web.Configuration.CompilationSection.LoadAssembly(String assemblyName, Boolean throwOnFail)
   在 System.Web.UI.TemplateParser.LoadAssembly(String assemblyName, Boolean throwOnFail)
   在 System.Web.UI.TemplateParser.AddAssemblyDependency(String assemblyName, Boolean addDependentAssemblies)
   在 System.Web.UI.MainTagNameToTypeMapper.ProcessTagNamespaceRegistrationCore(TagNamespaceRegisterEntry nsRegisterEntry)
   在 System.Web.UI.MainTagNameToTypeMapper.ProcessTagNamespaceRegistration(TagNamespaceRegisterEntry nsRegisterEntry)
   在 System.Web.UI.BaseTemplateParser.ProcessDirective(String directiveName, IDictionary directive)
   在 System.Web.UI.TemplateControlParser.ProcessDirective(String directiveName, IDictionary directive)
   在 System.Web.UI.PageParser.ProcessDirective(String directiveName, IDictionary directive)
   在 System.Web.UI.TemplateParser.ParseStringInternal(String text, Encoding fileEncoding)
if-if:2018/4/26 下午 02:18:51
if-else:2018/4/26 下午 02:18:51
if-else,ex.Message:未能加载文件或程序集“AspNetPager2”或它的某一个依赖项。系统找不到指定的文件。
if-else,ex.StackTrace:   在 System.Reflection.RuntimeAssembly._nLoad(AssemblyName fileName, String codeBase, Evidence assemblySecurity, RuntimeAssembly locationHint, StackCrawlMark& stackMark, IntPtr pPrivHostBinder, Boolean throwOnFileNotFound, Boolean forIntrospection, Boolean suppressSecurityChecks)
   在 System.Reflection.RuntimeAssembly.nLoad(AssemblyName fileName, String codeBase, Evidence assemblySecurity, RuntimeAssembly locationHint, StackCrawlMark& stackMark, IntPtr pPrivHostBinder, Boolean throwOnFileNotFound, Boolean forIntrospection, Boolean suppressSecurityChecks)
   在 System.Reflection.RuntimeAssembly.InternalLoadAssemblyName(AssemblyName assemblyRef, Evidence assemblySecurity, RuntimeAssembly reqAssembly, StackCrawlMark& stackMark, IntPtr pPrivHostBinder, Boolean throwOnFileNotFound, Boolean forIntrospection, Boolean suppressSecurityChecks)
   在 System.Reflection.RuntimeAssembly.InternalLoad(String assemblyString, Evidence assemblySecurity, StackCrawlMark& stackMark, IntPtr pPrivHostBinder, Boolean forIntrospection)
   在 System.Reflection.RuntimeAssembly.InternalLoad(String assemblyString, Evidence assemblySecurity, StackCrawlMark& stackMark, Boolean forIntrospection)
   在 System.Reflection.Assembly.Load(String assemblyString)
   在 System.Web.Configuration.CompilationSection.LoadAssembly(String assemblyName, Boolean throwOnFail)
   在 System.Web.UI.TemplateParser.LoadAssembly(String assemblyName, Boolean throwOnFail)
   在 System.Web.UI.TemplateParser.AddAssemblyDependency(String assemblyName, Boolean addDependentAssemblies)
   在 System.Web.UI.MainTagNameToTypeMapper.ProcessTagNamespaceRegistrationCore(TagNamespaceRegisterEntry nsRegisterEntry)
   在 System.Web.UI.MainTagNameToTypeMapper.ProcessTagNamespaceRegistration(TagNamespaceRegisterEntry nsRegisterEntry)
   在 System.Web.UI.BaseTemplateParser.ProcessDirective(String directiveName, IDictionary directive)
   在 System.Web.UI.TemplateControlParser.ProcessDirective(String directiveName, IDictionary directive)
   在 System.Web.UI.PageParser.ProcessDirective(String directiveName, IDictionary directive)
   在 System.Web.UI.TemplateParser.ParseStringInternal(String text, Encoding fileEncoding)
if-if:2018/4/26 下午 02:20:25
if-else:2018/4/26 下午 02:20:25
if-else,ex.Message:文件不存在。
if-else,ex.StackTrace:   在 System.Web.StaticFileHandler.GetFileInfo(String virtualPathWithPathInfo, String physicalPath, HttpResponse response)
   在 System.Web.StaticFileHandler.ProcessRequestInternal(HttpContext context, String overrideVirtualPath)
   在 System.Web.DefaultHttpHandler.BeginProcessRequest(HttpContext context, AsyncCallback callback, Object state)
   在 System.Web.HttpApplication.CallHandlerExecutionStep.System.Web.HttpApplication.IExecutionStep.Execute()
   在 System.Web.HttpApplication.ExecuteStepImpl(IExecutionStep step)
   在 System.Web.HttpApplication.ExecuteStep(IExecutionStep step, Boolean& completedSynchronously)
if-if:2018/4/26 下午 02:28:05
if-else:2018/4/26 下午 02:28:05
if-else,ex.Message:文件不存在。
if-else,ex.StackTrace:   在 System.Web.StaticFileHandler.GetFileInfo(String virtualPathWithPathInfo, String physicalPath, HttpResponse response)
   在 System.Web.StaticFileHandler.ProcessRequestInternal(HttpContext context, String overrideVirtualPath)
   在 System.Web.DefaultHttpHandler.BeginProcessRequest(HttpContext context, AsyncCallback callback, Object state)
   在 System.Web.HttpApplication.CallHandlerExecutionStep.System.Web.HttpApplication.IExecutionStep.Execute()
   在 System.Web.HttpApplication.ExecuteStepImpl(IExecutionStep step)
   在 System.Web.HttpApplication.ExecuteStep(IExecutionStep step, Boolean& completedSynchronously)
if-if:2018/4/26 下午 02:28:07
if-else:2018/4/26 下午 02:28:07
if-else,ex.Message:文件不存在。
if-else,ex.StackTrace:   在 System.Web.StaticFileHandler.GetFileInfo(String virtualPathWithPathInfo, String physicalPath, HttpResponse response)
   在 System.Web.StaticFileHandler.ProcessRequestInternal(HttpContext context, String overrideVirtualPath)
   在 System.Web.DefaultHttpHandler.BeginProcessRequest(HttpContext context, AsyncCallback callback, Object state)
   在 System.Web.HttpApplication.CallHandlerExecutionStep.System.Web.HttpApplication.IExecutionStep.Execute()
   在 System.Web.HttpApplication.ExecuteStepImpl(IExecutionStep step)
   在 System.Web.HttpApplication.ExecuteStep(IExecutionStep step, Boolean& completedSynchronously)
if-if:2018/4/26 下午 02:28:23
if-else:2018/4/26 下午 02:28:23
if-else,ex.Message:未能加载文件或程序集“AspNetPager2”或它的某一个依赖项。系统找不到指定的文件。
if-else,ex.StackTrace:   在 System.Reflection.RuntimeAssembly._nLoad(AssemblyName fileName, String codeBase, Evidence assemblySecurity, RuntimeAssembly locationHint, StackCrawlMark& stackMark, IntPtr pPrivHostBinder, Boolean throwOnFileNotFound, Boolean forIntrospection, Boolean suppressSecurityChecks)
   在 System.Reflection.RuntimeAssembly.nLoad(AssemblyName fileName, String codeBase, Evidence assemblySecurity, RuntimeAssembly locationHint, StackCrawlMark& stackMark, IntPtr pPrivHostBinder, Boolean throwOnFileNotFound, Boolean forIntrospection, Boolean suppressSecurityChecks)
   在 System.Reflection.RuntimeAssembly.InternalLoadAssemblyName(AssemblyName assemblyRef, Evidence assemblySecurity, RuntimeAssembly reqAssembly, StackCrawlMark& stackMark, IntPtr pPrivHostBinder, Boolean throwOnFileNotFound, Boolean forIntrospection, Boolean suppressSecurityChecks)
   在 System.Reflection.RuntimeAssembly.InternalLoad(String assemblyString, Evidence assemblySecurity, StackCrawlMark& stackMark, IntPtr pPrivHostBinder, Boolean forIntrospection)
   在 System.Reflection.RuntimeAssembly.InternalLoad(String assemblyString, Evidence assemblySecurity, StackCrawlMark& stackMark, Boolean forIntrospection)
   在 System.Reflection.Assembly.Load(String assemblyString)
   在 System.Web.Configuration.CompilationSection.LoadAssembly(String assemblyName, Boolean throwOnFail)
   在 System.Web.UI.TemplateParser.LoadAssembly(String assemblyName, Boolean throwOnFail)
   在 System.Web.UI.TemplateParser.AddAssemblyDependency(String assemblyName, Boolean addDependentAssemblies)
   在 System.Web.UI.MainTagNameToTypeMapper.ProcessTagNamespaceRegistrationCore(TagNamespaceRegisterEntry nsRegisterEntry)
   在 System.Web.UI.MainTagNameToTypeMapper.ProcessTagNamespaceRegistration(TagNamespaceRegisterEntry nsRegisterEntry)
   在 System.Web.UI.BaseTemplateParser.ProcessDirective(String directiveName, IDictionary directive)
   在 System.Web.UI.TemplateControlParser.ProcessDirective(String directiveName, IDictionary directive)
   在 System.Web.UI.PageParser.ProcessDirective(String directiveName, IDictionary directive)
   在 System.Web.UI.TemplateParser.ParseStringInternal(String text, Encoding fileEncoding)
if-if:2018/4/26 下午 02:31:17
if-else:2018/4/26 下午 02:31:17
if-else,ex.Message:文件不存在。
if-else,ex.StackTrace:   在 System.Web.StaticFileHandler.GetFileInfo(String virtualPathWithPathInfo, String physicalPath, HttpResponse response)
   在 System.Web.StaticFileHandler.ProcessRequestInternal(HttpContext context, String overrideVirtualPath)
   在 System.Web.DefaultHttpHandler.BeginProcessRequest(HttpContext context, AsyncCallback callback, Object state)
   在 System.Web.HttpApplication.CallHandlerExecutionStep.System.Web.HttpApplication.IExecutionStep.Execute()
   在 System.Web.HttpApplication.ExecuteStepImpl(IExecutionStep step)
   在 System.Web.HttpApplication.ExecuteStep(IExecutionStep step, Boolean& completedSynchronously)
if-if:2018/4/26 下午 02:31:26
if-else:2018/4/26 下午 02:31:26
if-else,ex.Message:文件不存在。
if-else,ex.StackTrace:   在 System.Web.StaticFileHandler.GetFileInfo(String virtualPathWithPathInfo, String physicalPath, HttpResponse response)
   在 System.Web.StaticFileHandler.ProcessRequestInternal(HttpContext context, String overrideVirtualPath)
   在 System.Web.DefaultHttpHandler.BeginProcessRequest(HttpContext context, AsyncCallback callback, Object state)
   在 System.Web.HttpApplication.CallHandlerExecutionStep.System.Web.HttpApplication.IExecutionStep.Execute()
   在 System.Web.HttpApplication.ExecuteStepImpl(IExecutionStep step)
   在 System.Web.HttpApplication.ExecuteStep(IExecutionStep step, Boolean& completedSynchronously)
if-if:2018/4/26 下午 02:31:28
if-else:2018/4/26 下午 02:31:28
if-else,ex.Message:文件不存在。
if-else,ex.StackTrace:   在 System.Web.StaticFileHandler.GetFileInfo(String virtualPathWithPathInfo, String physicalPath, HttpResponse response)
   在 System.Web.StaticFileHandler.ProcessRequestInternal(HttpContext context, String overrideVirtualPath)
   在 System.Web.DefaultHttpHandler.BeginProcessRequest(HttpContext context, AsyncCallback callback, Object state)
   在 System.Web.HttpApplication.CallHandlerExecutionStep.System.Web.HttpApplication.IExecutionStep.Execute()
   在 System.Web.HttpApplication.ExecuteStepImpl(IExecutionStep step)
   在 System.Web.HttpApplication.ExecuteStep(IExecutionStep step, Boolean& completedSynchronously)
if-if:2018/4/26 下午 02:31:40
if-else:2018/4/26 下午 02:31:40
if-else,ex.Message:未能加载文件或程序集“AspNetPager2”或它的某一个依赖项。系统找不到指定的文件。
if-else,ex.StackTrace:   在 System.Reflection.RuntimeAssembly._nLoad(AssemblyName fileName, String codeBase, Evidence assemblySecurity, RuntimeAssembly locationHint, StackCrawlMark& stackMark, IntPtr pPrivHostBinder, Boolean throwOnFileNotFound, Boolean forIntrospection, Boolean suppressSecurityChecks)
   在 System.Reflection.RuntimeAssembly.nLoad(AssemblyName fileName, String codeBase, Evidence assemblySecurity, RuntimeAssembly locationHint, StackCrawlMark& stackMark, IntPtr pPrivHostBinder, Boolean throwOnFileNotFound, Boolean forIntrospection, Boolean suppressSecurityChecks)
   在 System.Reflection.RuntimeAssembly.InternalLoadAssemblyName(AssemblyName assemblyRef, Evidence assemblySecurity, RuntimeAssembly reqAssembly, StackCrawlMark& stackMark, IntPtr pPrivHostBinder, Boolean throwOnFileNotFound, Boolean forIntrospection, Boolean suppressSecurityChecks)
   在 System.Reflection.RuntimeAssembly.InternalLoad(String assemblyString, Evidence assemblySecurity, StackCrawlMark& stackMark, IntPtr pPrivHostBinder, Boolean forIntrospection)
   在 System.Reflection.RuntimeAssembly.InternalLoad(String assemblyString, Evidence assemblySecurity, StackCrawlMark& stackMark, Boolean forIntrospection)
   在 System.Reflection.Assembly.Load(String assemblyString)
   在 System.Web.Configuration.CompilationSection.LoadAssembly(String assemblyName, Boolean throwOnFail)
   在 System.Web.UI.TemplateParser.LoadAssembly(String assemblyName, Boolean throwOnFail)
   在 System.Web.UI.TemplateParser.AddAssemblyDependency(String assemblyName, Boolean addDependentAssemblies)
   在 System.Web.UI.MainTagNameToTypeMapper.ProcessTagNamespaceRegistrationCore(TagNamespaceRegisterEntry nsRegisterEntry)
   在 System.Web.UI.MainTagNameToTypeMapper.ProcessTagNamespaceRegistration(TagNamespaceRegisterEntry nsRegisterEntry)
   在 System.Web.UI.BaseTemplateParser.ProcessDirective(String directiveName, IDictionary directive)
   在 System.Web.UI.TemplateControlParser.ProcessDirective(String directiveName, IDictionary directive)
   在 System.Web.UI.PageParser.ProcessDirective(String directiveName, IDictionary directive)
   在 System.Web.UI.TemplateParser.ParseStringInternal(String text, Encoding fileEncoding)
if-if:2018/4/26 下午 03:30:47
if-else:2018/4/26 下午 03:30:47
if-else,ex.Message:文件不存在。
if-else,ex.StackTrace:   在 System.Web.StaticFileHandler.GetFileInfo(String virtualPathWithPathInfo, String physicalPath, HttpResponse response)
   在 System.Web.StaticFileHandler.ProcessRequestInternal(HttpContext context, String overrideVirtualPath)
   在 System.Web.DefaultHttpHandler.BeginProcessRequest(HttpContext context, AsyncCallback callback, Object state)
   在 System.Web.HttpApplication.CallHandlerExecutionStep.System.Web.HttpApplication.IExecutionStep.Execute()
   在 System.Web.HttpApplication.ExecuteStepImpl(IExecutionStep step)
   在 System.Web.HttpApplication.ExecuteStep(IExecutionStep step, Boolean& completedSynchronously)
if-if:2018/4/26 下午 03:32:15
if-else:2018/4/26 下午 03:32:15
if-else,ex.Message:文件不存在。
if-else,ex.StackTrace:   在 System.Web.StaticFileHandler.GetFileInfo(String virtualPathWithPathInfo, String physicalPath, HttpResponse response)
   在 System.Web.StaticFileHandler.ProcessRequestInternal(HttpContext context, String overrideVirtualPath)
   在 System.Web.DefaultHttpHandler.BeginProcessRequest(HttpContext context, AsyncCallback callback, Object state)
   在 System.Web.HttpApplication.CallHandlerExecutionStep.System.Web.HttpApplication.IExecutionStep.Execute()
   在 System.Web.HttpApplication.ExecuteStepImpl(IExecutionStep step)
   在 System.Web.HttpApplication.ExecuteStep(IExecutionStep step, Boolean& completedSynchronously)
if-if:2018/4/26 下午 03:32:16
if-else:2018/4/26 下午 03:32:16
if-else,ex.Message:文件不存在。
if-else,ex.StackTrace:   在 System.Web.StaticFileHandler.GetFileInfo(String virtualPathWithPathInfo, String physicalPath, HttpResponse response)
   在 System.Web.StaticFileHandler.ProcessRequestInternal(HttpContext context, String overrideVirtualPath)
   在 System.Web.DefaultHttpHandler.BeginProcessRequest(HttpContext context, AsyncCallback callback, Object state)
   在 System.Web.HttpApplication.CallHandlerExecutionStep.System.Web.HttpApplication.IExecutionStep.Execute()
   在 System.Web.HttpApplication.ExecuteStepImpl(IExecutionStep step)
   在 System.Web.HttpApplication.ExecuteStep(IExecutionStep step, Boolean& completedSynchronously)
if-if:2018/4/26 下午 03:32:57
if-else:2018/4/26 下午 03:32:57
if-else,ex.Message:未能加载文件或程序集“AspNetPager2”或它的某一个依赖项。系统找不到指定的文件。
if-else,ex.StackTrace:   在 System.Reflection.RuntimeAssembly._nLoad(AssemblyName fileName, String codeBase, Evidence assemblySecurity, RuntimeAssembly locationHint, StackCrawlMark& stackMark, IntPtr pPrivHostBinder, Boolean throwOnFileNotFound, Boolean forIntrospection, Boolean suppressSecurityChecks)
   在 System.Reflection.RuntimeAssembly.nLoad(AssemblyName fileName, String codeBase, Evidence assemblySecurity, RuntimeAssembly locationHint, StackCrawlMark& stackMark, IntPtr pPrivHostBinder, Boolean throwOnFileNotFound, Boolean forIntrospection, Boolean suppressSecurityChecks)
   在 System.Reflection.RuntimeAssembly.InternalLoadAssemblyName(AssemblyName assemblyRef, Evidence assemblySecurity, RuntimeAssembly reqAssembly, StackCrawlMark& stackMark, IntPtr pPrivHostBinder, Boolean throwOnFileNotFound, Boolean forIntrospection, Boolean suppressSecurityChecks)
   在 System.Reflection.RuntimeAssembly.InternalLoad(String assemblyString, Evidence assemblySecurity, StackCrawlMark& stackMark, IntPtr pPrivHostBinder, Boolean forIntrospection)
   在 System.Reflection.RuntimeAssembly.InternalLoad(String assemblyString, Evidence assemblySecurity, StackCrawlMark& stackMark, Boolean forIntrospection)
   在 System.Reflection.Assembly.Load(String assemblyString)
   在 System.Web.Configuration.CompilationSection.LoadAssembly(String assemblyName, Boolean throwOnFail)
   在 System.Web.UI.TemplateParser.LoadAssembly(String assemblyName, Boolean throwOnFail)
   在 System.Web.UI.TemplateParser.AddAssemblyDependency(String assemblyName, Boolean addDependentAssemblies)
   在 System.Web.UI.MainTagNameToTypeMapper.ProcessTagNamespaceRegistrationCore(TagNamespaceRegisterEntry nsRegisterEntry)
   在 System.Web.UI.MainTagNameToTypeMapper.ProcessTagNamespaceRegistration(TagNamespaceRegisterEntry nsRegisterEntry)
   在 System.Web.UI.BaseTemplateParser.ProcessDirective(String directiveName, IDictionary directive)
   在 System.Web.UI.TemplateControlParser.ProcessDirective(String directiveName, IDictionary directive)
   在 System.Web.UI.PageParser.ProcessDirective(String directiveName, IDictionary directive)
   在 System.Web.UI.TemplateParser.ParseStringInternal(String text, Encoding fileEncoding)
if-if:2018/4/26 下午 03:33:57
if-else:2018/4/26 下午 03:33:57
if-else,ex.Message:文件不存在。
if-else,ex.StackTrace:   在 System.Web.StaticFileHandler.GetFileInfo(String virtualPathWithPathInfo, String physicalPath, HttpResponse response)
   在 System.Web.StaticFileHandler.ProcessRequestInternal(HttpContext context, String overrideVirtualPath)
   在 System.Web.DefaultHttpHandler.BeginProcessRequest(HttpContext context, AsyncCallback callback, Object state)
   在 System.Web.HttpApplication.CallHandlerExecutionStep.System.Web.HttpApplication.IExecutionStep.Execute()
   在 System.Web.HttpApplication.ExecuteStepImpl(IExecutionStep step)
   在 System.Web.HttpApplication.ExecuteStep(IExecutionStep step, Boolean& completedSynchronously)
if-if:2018/4/26 下午 03:34:00
if-else:2018/4/26 下午 03:34:00
if-else,ex.Message:未能加载文件或程序集“AspNetPager2”或它的某一个依赖项。系统找不到指定的文件。
if-else,ex.StackTrace:   在 System.Reflection.RuntimeAssembly._nLoad(AssemblyName fileName, String codeBase, Evidence assemblySecurity, RuntimeAssembly locationHint, StackCrawlMark& stackMark, IntPtr pPrivHostBinder, Boolean throwOnFileNotFound, Boolean forIntrospection, Boolean suppressSecurityChecks)
   在 System.Reflection.RuntimeAssembly.nLoad(AssemblyName fileName, String codeBase, Evidence assemblySecurity, RuntimeAssembly locationHint, StackCrawlMark& stackMark, IntPtr pPrivHostBinder, Boolean throwOnFileNotFound, Boolean forIntrospection, Boolean suppressSecurityChecks)
   在 System.Reflection.RuntimeAssembly.InternalLoadAssemblyName(AssemblyName assemblyRef, Evidence assemblySecurity, RuntimeAssembly reqAssembly, StackCrawlMark& stackMark, IntPtr pPrivHostBinder, Boolean throwOnFileNotFound, Boolean forIntrospection, Boolean suppressSecurityChecks)
   在 System.Reflection.RuntimeAssembly.InternalLoad(String assemblyString, Evidence assemblySecurity, StackCrawlMark& stackMark, IntPtr pPrivHostBinder, Boolean forIntrospection)
   在 System.Reflection.RuntimeAssembly.InternalLoad(String assemblyString, Evidence assemblySecurity, StackCrawlMark& stackMark, Boolean forIntrospection)
   在 System.Reflection.Assembly.Load(String assemblyString)
   在 System.Web.Configuration.CompilationSection.LoadAssembly(String assemblyName, Boolean throwOnFail)
   在 System.Web.UI.TemplateParser.LoadAssembly(String assemblyName, Boolean throwOnFail)
   在 System.Web.UI.TemplateParser.AddAssemblyDependency(String assemblyName, Boolean addDependentAssemblies)
   在 System.Web.UI.MainTagNameToTypeMapper.ProcessTagNamespaceRegistrationCore(TagNamespaceRegisterEntry nsRegisterEntry)
   在 System.Web.UI.MainTagNameToTypeMapper.ProcessTagNamespaceRegistration(TagNamespaceRegisterEntry nsRegisterEntry)
   在 System.Web.UI.BaseTemplateParser.ProcessDirective(String directiveName, IDictionary directive)
   在 System.Web.UI.TemplateControlParser.ProcessDirective(String directiveName, IDictionary directive)
   在 System.Web.UI.PageParser.ProcessDirective(String directiveName, IDictionary directive)
   在 System.Web.UI.TemplateParser.ParseStringInternal(String text, Encoding fileEncoding)
