CheckLoginExpire Exception:指定的架构无效。错误: 
DBContext.msl(9332,12) : 错误 2019: 指定的成员映射无效。类型“ASRS_WebWMSModel.view_get_part_norecode”中的成员“qty”的类型“Edm.Double[Nullable=True,DefaultValue=]”与类型“ASRS_WebWMSModel.Store.view_get_part_norecode”中的成员“qty”的“SqlServer.decimal[Nullable=True,DefaultValue=,Precision=38,Scale=2]”不兼容。
DBContext.msl(9346,12) : 错误 2019: 指定的成员映射无效。类型“ASRS_WebWMSModel.view_get_sn_locklist”中的成员“qty”的类型“Edm.Double[Nullable=True,DefaultValue=]”与类型“ASRS_WebWMSModel.Store.view_get_sn_locklist”中的成员“qty”的“SqlServer.decimal[Nullable=True,DefaultValue=,Precision=18,Scale=2]”不兼容。
DBContext.msl(9359,12) : 错误 2019: 指定的成员映射无效。类型“ASRS_WebWMSModel.view_get_stock_datecodenum”中的成员“OutNum”的类型“Edm.Double[Nullable=True,DefaultValue=]”与类型“ASRS_WebWMSModel.Store.view_get_stock_datecodenum”中的成员“OutNum”的“SqlServer.decimal[Nullable=True,DefaultValue=,Precision=38,Scale=2]”不兼容。
DBContext.msl(9371,12) : 错误 2019: 指定的成员映射无效。类型“ASRS_WebWMSModel.view_outbill_snreport”中的成员“QTY”的类型“Edm.Decimal[Nullable=True,DefaultValue=,Precision=,Scale=]”与类型“ASRS_WebWMSModel.Store.view_outbill_snreport”中的成员“QTY”的“SqlServer.float[Nullable=True,DefaultValue=]”不兼容。
DBContext.msl(9388,12) : 错误 2019: 指定的成员映射无效。类型“ASRS_WebWMSModel.view_stock_checkdiff”中的成员“twodiff”的类型“Edm.Double[Nullable=False,DefaultValue=]”与类型“ASRS_WebWMSModel.Store.view_stock_checkdiff”中的成员“twodiff”的“SqlServer.decimal[Nullable=False,DefaultValue=,Precision=19,Scale=2]”不兼容。
DBContext.msl(9389,12) : 错误 2019: 指定的成员映射无效。类型“ASRS_WebWMSModel.view_stock_checkdiff”中的成员“onediff”的类型“Edm.Double[Nullable=False,DefaultValue=]”与类型“ASRS_WebWMSModel.Store.view_stock_checkdiff”中的成员“onediff”的“SqlServer.decimal[Nullable=False,DefaultValue=,Precision=19,Scale=2]”不兼容。
DBContext.msl(9392,12) : 错误 2019: 指定的成员映射无效。类型“ASRS_WebWMSModel.view_stock_checkdiff”中的成员“twonum”的类型“Edm.Double[Nullable=True,DefaultValue=]”与类型“ASRS_WebWMSModel.Store.view_stock_checkdiff”中的成员“twonum”的“SqlServer.decimal[Nullable=True,DefaultValue=,Precision=18,Scale=2]”不兼容。
DBContext.msl(9395,12) : 错误 2019: 指定的成员映射无效。类型“ASRS_WebWMSModel.view_stock_checkdiff”中的成员“onenum”的类型“Edm.Double[Nullable=True,DefaultValue=]”与类型“ASRS_WebWMSModel.Store.view_stock_checkdiff”中的成员“onenum”的“SqlServer.decimal[Nullable=True,DefaultValue=,Precision=18,Scale=2]”不兼容。
DBContext.msl(9396,12) : 错误 2019: 指定的成员映射无效。类型“ASRS_WebWMSModel.view_stock_checkdiff”中的成员“iquantity”的类型“Edm.Double[Nullable=False,DefaultValue=]”与类型“ASRS_WebWMSModel.Store.view_stock_checkdiff”中的成员“iquantity”的“SqlServer.decimal[Nullable=False,DefaultValue=,Precision=18,Scale=2]”不兼容。
DBContext.msl(9414,12) : 错误 2019: 指定的成员映射无效。类型“ASRS_WebWMSModel.view_stock_current”中的成员“ioccupyqty”的类型“Edm.Double[Nullable=False,DefaultValue=]”与类型“ASRS_WebWMSModel.Store.view_stock_current”中的成员“ioccupyqty”的“SqlServer.decimal[Nullable=False,DefaultValue=,Precision=18,Scale=2]”不兼容。
DBContext.msl(9415,12) : 错误 2019: 指定的成员映射无效。类型“ASRS_WebWMSModel.view_stock_current”中的成员“iqty”的类型“Edm.Double[Nullable=False,DefaultValue=]”与类型“ASRS_WebWMSModel.Store.view_stock_current”中的成员“iqty”的“SqlServer.decimal[Nullable=False,DefaultValue=,Precision=18,Scale=2]”不兼容。
CheckLoginExpire Exception:指定的架构无效。错误: 
DBContext.msl(9332,12) : 错误 2019: 指定的成员映射无效。类型“ASRS_WebWMSModel.view_get_part_norecode”中的成员“qty”的类型“Edm.Double[Nullable=True,DefaultValue=]”与类型“ASRS_WebWMSModel.Store.view_get_part_norecode”中的成员“qty”的“SqlServer.decimal[Nullable=True,DefaultValue=,Precision=38,Scale=2]”不兼容。
DBContext.msl(9346,12) : 错误 2019: 指定的成员映射无效。类型“ASRS_WebWMSModel.view_get_sn_locklist”中的成员“qty”的类型“Edm.Double[Nullable=True,DefaultValue=]”与类型“ASRS_WebWMSModel.Store.view_get_sn_locklist”中的成员“qty”的“SqlServer.decimal[Nullable=True,DefaultValue=,Precision=18,Scale=2]”不兼容。
DBContext.msl(9359,12) : 错误 2019: 指定的成员映射无效。类型“ASRS_WebWMSModel.view_get_stock_datecodenum”中的成员“OutNum”的类型“Edm.Double[Nullable=True,DefaultValue=]”与类型“ASRS_WebWMSModel.Store.view_get_stock_datecodenum”中的成员“OutNum”的“SqlServer.decimal[Nullable=True,DefaultValue=,Precision=38,Scale=2]”不兼容。
DBContext.msl(9371,12) : 错误 2019: 指定的成员映射无效。类型“ASRS_WebWMSModel.view_outbill_snreport”中的成员“QTY”的类型“Edm.Decimal[Nullable=True,DefaultValue=,Precision=,Scale=]”与类型“ASRS_WebWMSModel.Store.view_outbill_snreport”中的成员“QTY”的“SqlServer.float[Nullable=True,DefaultValue=]”不兼容。
DBContext.msl(9388,12) : 错误 2019: 指定的成员映射无效。类型“ASRS_WebWMSModel.view_stock_checkdiff”中的成员“twodiff”的类型“Edm.Double[Nullable=False,DefaultValue=]”与类型“ASRS_WebWMSModel.Store.view_stock_checkdiff”中的成员“twodiff”的“SqlServer.decimal[Nullable=False,DefaultValue=,Precision=19,Scale=2]”不兼容。
DBContext.msl(9389,12) : 错误 2019: 指定的成员映射无效。类型“ASRS_WebWMSModel.view_stock_checkdiff”中的成员“onediff”的类型“Edm.Double[Nullable=False,DefaultValue=]”与类型“ASRS_WebWMSModel.Store.view_stock_checkdiff”中的成员“onediff”的“SqlServer.decimal[Nullable=False,DefaultValue=,Precision=19,Scale=2]”不兼容。
DBContext.msl(9392,12) : 错误 2019: 指定的成员映射无效。类型“ASRS_WebWMSModel.view_stock_checkdiff”中的成员“twonum”的类型“Edm.Double[Nullable=True,DefaultValue=]”与类型“ASRS_WebWMSModel.Store.view_stock_checkdiff”中的成员“twonum”的“SqlServer.decimal[Nullable=True,DefaultValue=,Precision=18,Scale=2]”不兼容。
DBContext.msl(9395,12) : 错误 2019: 指定的成员映射无效。类型“ASRS_WebWMSModel.view_stock_checkdiff”中的成员“onenum”的类型“Edm.Double[Nullable=True,DefaultValue=]”与类型“ASRS_WebWMSModel.Store.view_stock_checkdiff”中的成员“onenum”的“SqlServer.decimal[Nullable=True,DefaultValue=,Precision=18,Scale=2]”不兼容。
DBContext.msl(9396,12) : 错误 2019: 指定的成员映射无效。类型“ASRS_WebWMSModel.view_stock_checkdiff”中的成员“iquantity”的类型“Edm.Double[Nullable=False,DefaultValue=]”与类型“ASRS_WebWMSModel.Store.view_stock_checkdiff”中的成员“iquantity”的“SqlServer.decimal[Nullable=False,DefaultValue=,Precision=18,Scale=2]”不兼容。
DBContext.msl(9414,12) : 错误 2019: 指定的成员映射无效。类型“ASRS_WebWMSModel.view_stock_current”中的成员“ioccupyqty”的类型“Edm.Double[Nullable=False,DefaultValue=]”与类型“ASRS_WebWMSModel.Store.view_stock_current”中的成员“ioccupyqty”的“SqlServer.decimal[Nullable=False,DefaultValue=,Precision=18,Scale=2]”不兼容。
DBContext.msl(9415,12) : 错误 2019: 指定的成员映射无效。类型“ASRS_WebWMSModel.view_stock_current”中的成员“iqty”的类型“Edm.Double[Nullable=False,DefaultValue=]”与类型“ASRS_WebWMSModel.Store.view_stock_current”中的成员“iqty”的“SqlServer.decimal[Nullable=False,DefaultValue=,Precision=18,Scale=2]”不兼容。
CheckLoginExpire Exception:指定的架构无效。错误: 
DBContext.msl(9332,12) : 错误 2019: 指定的成员映射无效。类型“ASRS_WebWMSModel.view_get_part_norecode”中的成员“qty”的类型“Edm.Double[Nullable=True,DefaultValue=]”与类型“ASRS_WebWMSModel.Store.view_get_part_norecode”中的成员“qty”的“SqlServer.decimal[Nullable=True,DefaultValue=,Precision=38,Scale=2]”不兼容。
DBContext.msl(9346,12) : 错误 2019: 指定的成员映射无效。类型“ASRS_WebWMSModel.view_get_sn_locklist”中的成员“qty”的类型“Edm.Double[Nullable=True,DefaultValue=]”与类型“ASRS_WebWMSModel.Store.view_get_sn_locklist”中的成员“qty”的“SqlServer.decimal[Nullable=True,DefaultValue=,Precision=18,Scale=2]”不兼容。
DBContext.msl(9359,12) : 错误 2019: 指定的成员映射无效。类型“ASRS_WebWMSModel.view_get_stock_datecodenum”中的成员“OutNum”的类型“Edm.Double[Nullable=True,DefaultValue=]”与类型“ASRS_WebWMSModel.Store.view_get_stock_datecodenum”中的成员“OutNum”的“SqlServer.decimal[Nullable=True,DefaultValue=,Precision=38,Scale=2]”不兼容。
DBContext.msl(9371,12) : 错误 2019: 指定的成员映射无效。类型“ASRS_WebWMSModel.view_outbill_snreport”中的成员“QTY”的类型“Edm.Decimal[Nullable=True,DefaultValue=,Precision=,Scale=]”与类型“ASRS_WebWMSModel.Store.view_outbill_snreport”中的成员“QTY”的“SqlServer.float[Nullable=True,DefaultValue=]”不兼容。
DBContext.msl(9388,12) : 错误 2019: 指定的成员映射无效。类型“ASRS_WebWMSModel.view_stock_checkdiff”中的成员“twodiff”的类型“Edm.Double[Nullable=False,DefaultValue=]”与类型“ASRS_WebWMSModel.Store.view_stock_checkdiff”中的成员“twodiff”的“SqlServer.decimal[Nullable=False,DefaultValue=,Precision=19,Scale=2]”不兼容。
DBContext.msl(9389,12) : 错误 2019: 指定的成员映射无效。类型“ASRS_WebWMSModel.view_stock_checkdiff”中的成员“onediff”的类型“Edm.Double[Nullable=False,DefaultValue=]”与类型“ASRS_WebWMSModel.Store.view_stock_checkdiff”中的成员“onediff”的“SqlServer.decimal[Nullable=False,DefaultValue=,Precision=19,Scale=2]”不兼容。
DBContext.msl(9392,12) : 错误 2019: 指定的成员映射无效。类型“ASRS_WebWMSModel.view_stock_checkdiff”中的成员“twonum”的类型“Edm.Double[Nullable=True,DefaultValue=]”与类型“ASRS_WebWMSModel.Store.view_stock_checkdiff”中的成员“twonum”的“SqlServer.decimal[Nullable=True,DefaultValue=,Precision=18,Scale=2]”不兼容。
DBContext.msl(9395,12) : 错误 2019: 指定的成员映射无效。类型“ASRS_WebWMSModel.view_stock_checkdiff”中的成员“onenum”的类型“Edm.Double[Nullable=True,DefaultValue=]”与类型“ASRS_WebWMSModel.Store.view_stock_checkdiff”中的成员“onenum”的“SqlServer.decimal[Nullable=True,DefaultValue=,Precision=18,Scale=2]”不兼容。
DBContext.msl(9396,12) : 错误 2019: 指定的成员映射无效。类型“ASRS_WebWMSModel.view_stock_checkdiff”中的成员“iquantity”的类型“Edm.Double[Nullable=False,DefaultValue=]”与类型“ASRS_WebWMSModel.Store.view_stock_checkdiff”中的成员“iquantity”的“SqlServer.decimal[Nullable=False,DefaultValue=,Precision=18,Scale=2]”不兼容。
DBContext.msl(9414,12) : 错误 2019: 指定的成员映射无效。类型“ASRS_WebWMSModel.view_stock_current”中的成员“ioccupyqty”的类型“Edm.Double[Nullable=False,DefaultValue=]”与类型“ASRS_WebWMSModel.Store.view_stock_current”中的成员“ioccupyqty”的“SqlServer.decimal[Nullable=False,DefaultValue=,Precision=18,Scale=2]”不兼容。
DBContext.msl(9415,12) : 错误 2019: 指定的成员映射无效。类型“ASRS_WebWMSModel.view_stock_current”中的成员“iqty”的类型“Edm.Double[Nullable=False,DefaultValue=]”与类型“ASRS_WebWMSModel.Store.view_stock_current”中的成员“iqty”的“SqlServer.decimal[Nullable=False,DefaultValue=,Precision=18,Scale=2]”不兼容。
更新条目时出错。有关详细信息，请参阅内部异常。
更新条目时出错。有关详细信息，请参阅内部异常。
只能手动新建【其它出库】类型的通知单
