只能手动新建【其它入库】类型的通知单
只能手动新建【其它入库】类型的通知单
只能手动新建【其它入库】类型的通知单
只能手动新建【其它出库】类型的通知单
只能手动新建【其它入库】类型的通知单
只能手动新建【其它出库】类型的通知单
只能手动新建【其它入库】类型的通知单

ProcedureBaseNew执行报错时间：2020/3/10 15:41:14
ProcedureBaseNew Name：Proc_DeleteInAssit
ProcedureBaseNew执行报错Message：为过程或函数 Proc_DeleteInAssit 指定了过多的参数。

ProcedureBaseNew执行报错时间：2020/3/10 15:41:14
ProcedureBaseNew Name：Proc_DeleteInAssit
ProcedureBaseNew执行报错Message：为过程或函数 Proc_DeleteInAssit 指定了过多的参数。

ProcedureBaseNew执行报错时间：2020/3/10 15:41:14
ProcedureBaseNew Name：Proc_DeleteInAssit
ProcedureBaseNew执行报错Message：为过程或函数 Proc_DeleteInAssit 指定了过多的参数。

ProcedureBaseNew执行报错时间：2020/3/10 15:43:14
ProcedureBaseNew Name：Proc_DeleteInAssit
ProcedureBaseNew执行报错Message：为过程或函数 Proc_DeleteInAssit 指定了过多的参数。

ProcedureBaseNew执行报错时间：2020/3/10 15:44:03
ProcedureBaseNew Name：Proc_DeleteInAssit
ProcedureBaseNew执行报错Message：为过程或函数 Proc_DeleteInAssit 指定了过多的参数。

ProcedureBaseNew执行报错时间：2020/3/10 15:47:46
ProcedureBaseNew Name：Proc_DeleteInAssit
ProcedureBaseNew执行报错Message：为过程或函数 Proc_DeleteInAssit 指定了过多的参数。

ProcedureBaseNew执行报错时间：2020/3/10 15:49:49
ProcedureBaseNew Name：Proc_DeleteInAssit
ProcedureBaseNew执行报错Message：为过程或函数 Proc_DeleteInAssit 指定了过多的参数。

ProcedureBaseNew执行报错时间：2020/3/10 15:49:58
ProcedureBaseNew Name：Proc_DeleteInAssit
ProcedureBaseNew执行报错Message：为过程或函数 Proc_DeleteInAssit 指定了过多的参数。
未将对象引用设置到对象的实例。
